[15:30:46] [Client thread/INFO] [JMLogger] JourneyMap log initialized.
[15:30:46] [Client thread/INFO] [JourneymapClient] initialize ENTER
[15:30:48] [Client thread/INFO] [?] Version: JourneyMap 1.12.2-5.7.1, built with Forge 14.23.5.2768
Forge: 14.23.5.2860
Environment: os.name, os.arch, java.version, user.country, user.language=null, game language=en_us, locale=en_us
Features: 
	RadarPlayers : singleplayer = true , multiplayer = true
	RadarAnimals : singleplayer = true , multiplayer = true
	RadarMobs : singleplayer = true , multiplayer = true
	RadarVillagers : singleplayer = true , multiplayer = true
	MapTopo : singleplayer = true , multiplayer = true
	MapSurface : singleplayer = true , multiplayer = true
	MapCaves : singleplayer = true , multiplayer = true
MiniMapProperties{state=Valid, file=journeymap.minimap.config, configVersion=5.7.1, zoomLevel=0, showPlayers=true, frameAlpha=0, compassFontScale=1, terrainAlpha=100, showEntityNames=true, enabled=true, showPlayerHeading=true, showVillagers=false, info2Label=Blank, sizePercent=28, showDayNight=false, info3Label=Location, showMobs=false, showPets=true, preferredMapType=day, showCompass=true, mobDisplay=Small Dots, showReticle=true, orientation=North, systemTimeRealFormat=HH:mm:ss, shape=Square, showSelf=true, info4Label=Biome, locationFormat=xyz, playerDisplay=Small Dots, showGrid=true, reticleOrientation=Compass, gameTimeRealFormat=HH:mm:ss, showWaypoints=true, showCaves=false, showAnimals=false, showMobHeading=true, showWaypointLabels=true, locationFormatVerbose=true, position=Top Right, info1Label=Game Time, fontScale=1}
MiniMapProperties{state=Valid, file=journeymap.minimap2.config, configVersion=5.7.1, zoomLevel=0, showPlayers=true, frameAlpha=100, compassFontScale=1, terrainAlpha=100, showEntityNames=true, enabled=false, showPlayerHeading=true, showVillagers=true, info2Label=Game Time, sizePercent=30, showDayNight=true, info3Label=Location, showMobs=true, showPets=true, preferredMapType=day, showCompass=true, mobDisplay=Small Dots, showReticle=true, orientation=North, systemTimeRealFormat=HH:mm:ss, shape=Rectangle, showSelf=true, info4Label=Biome, locationFormat=xzyv, playerDisplay=Small Dots, showGrid=true, reticleOrientation=Compass, gameTimeRealFormat=HH:mm:ss, showWaypoints=true, showCaves=true, showAnimals=true, showMobHeading=true, showWaypointLabels=true, locationFormatVerbose=true, position=Top Right, info1Label=Blank, fontScale=1}
FullMapProperties{state=Valid, file=journeymap.fullmap.config, configVersion=5.7.1, mobDisplay=Small Dots, zoomLevel=0, showPlayers=true, showSelf=true, locationFormat=xzyv, playerDisplay=Small Dots, showGrid=true, showEntityNames=true, showPlayerHeading=true, showVillagers=false, showWaypoints=true, showCaves=false, showAnimals=false, showMobHeading=true, showKeys=true, showWaypointLabels=true, locationFormatVerbose=true, showMobs=false, showPets=true, fontScale=1, preferredMapType=day}
WaypointProperties{state=Valid, file=journeymap.waypoint.config, configVersion=5.7.1, autoRemoveDeathpointDistance=2, createDeathpoints=true, showName=true, dateFormat=MM-dd-yyyy, autoRemoveDeathpoints=false, maxDistance=0, autoHideLabel=true, teleportCommand=/tp {name} {x} {y} {z}, showStaticBeam=false, minDistance=4, timeFormat=HH:mm:ss, boldLabel=false, textureSmall=true, showDeathpointlabel=true, showDistance=true, showRotatingBeam=false, fontScale=2, showTexture=true, managerEnabled=true, beaconEnabled=true}
WebMapProperties{state=Valid, file=journeymap.webmap.config, configVersion=5.7.1, zoomLevel=0, showWaypoints=true, showCaves=true, showSelf=true, port=8080, showGrid=true, showEntityNames=true, enabled=false, preferredMapType=day}
CoreProperties{state=Valid, file=journeymap.core.config, configVersion=5.7.1, verboseColorPalette=false, maxPlayersData=32, mapSurfaceAboveCaves=true, optionsManagerViewed=5.7.1, announceMod=false, colorPassive=#bbbbbb, renderOverlayEventTypeName=ALL, mapBlendWater=false, renderDistanceSurfaceMax=6, radarVerticalDistance=16, mapBlendGrass=true, recordCacheStats=false, hideSneakingEntities=true, revealShape=Circle, alwaysMapSurface=false, colorVillager=#88e188, mapPlants=false, colorPet=#0077ff, radarLateralDistance=64, mapBathymetry=false, mapCrops=true, maxMobsData=32, mapPlantShadows=false, alwaysMapCaves=false, checkUpdates=false, browserPoll=2000, mapBlendFoliage=true, mappingEnabled=true, colorPlayer=#ffffff, tileHighDisplayQuality=true, cacheVillagersData=2200, logLevel=INFO, maxVillagersData=32, maxAnimalsData=32, mapTransparency=true, tileRenderType=1, caveIgnoreGlass=true, mapTopography=true, renderDistanceCaveMax=3, mapAntialiasing=true, colorSelf=#0000ff, cachePlayersData=2000, cacheMobsData=3000, cachePlayerData=1000, splashViewed=5.7.1, colorHostile=#ff0000, cacheAnimalsData=3100, themeName=Purist, mapCaveLighting=false, renderDelay=2, renderOverlayPreEvent=true, autoMapPoll=2000}
[15:30:48] [Client thread/INFO] [ClientAPI] [ClientAPI] built with JourneyMap API 1.4
[15:30:48] [Client thread/INFO] [PluginHelper] Initializing plugins with Client API: journeymap.client.api.impl.ClientAPI
[15:30:48] [Client thread/INFO] [JourneymapClient] initialize EXIT, elapsed count 0 avg ?ms
[15:31:02] [Client thread/DEBUG] [JourneymapClient] postInitialize ENTER
[15:31:03] [Client thread/DEBUG] [EventHandlerManager] Handler registered: journeymap.client.forge.event.KeyEventHandler
[15:31:03] [Client thread/DEBUG] [EventHandlerManager] Handler registered: journeymap.client.forge.event.ChatEventHandler
[15:31:03] [Client thread/DEBUG] [EventHandlerManager] Handler registered: journeymap.client.forge.event.StateTickHandler
[15:31:03] [Client thread/DEBUG] [EventHandlerManager] Handler registered: journeymap.client.forge.event.WorldEventHandler
[15:31:03] [Client thread/DEBUG] [EventHandlerManager] Handler registered: journeymap.client.forge.event.WaypointBeaconHandler
[15:31:03] [Client thread/DEBUG] [EventHandlerManager] Handler registered: journeymap.client.forge.event.TextureAtlasHandler
[15:31:03] [Client thread/DEBUG] [EventHandlerManager] Handler registered: journeymap.client.forge.event.MiniMapOverlayHandler
[15:31:03] [Client thread/DEBUG] [EventHandlerManager] Handler registered: journeymap.client.forge.event.PlayerConnectHandler
[15:31:03] [Client thread/DEBUG] [EventHandlerManager] Handler registered: journeymap.client.world.ChunkMonitor
[15:31:03] [Client thread/INFO] [IconSetFileHandler] Added entity icons from journeymap:icon/entity. Success: false
[15:31:03] [Client thread/TRACE] [ThemeLoader] Initializing themes ...
[15:31:04] [Client thread/INFO] [ThemeLoader] Preloaded theme textures: 73
[15:31:04] [Client thread/INFO] [VersionCheck] Update check disabled in properties file.
[15:31:04] [Client thread/DEBUG] [StatTimer] elapsed was slow: 1322.5715
[15:31:04] [Client thread/DEBUG] [JourneymapClient] postInitialize EXIT, elapsed§8 count §r1§8 avg §r§r1322.57§8ms§r
[15:31:44] [Client thread/DEBUG] [StatTimer] Tick.MappingMonitorTask warmup done, 10
[15:33:30] [Client thread/DEBUG] [StatTimer] TileDrawStep.updateRegionTexture warmup done, 5
[15:33:30] [Client thread/DEBUG] [StatTimer] TileDrawStep.updateRegionTexture was slow: 190.4995
[15:33:30] [Client thread/DEBUG] [StatTimer] TileDrawStep.updateScaledTexture warmup done, 5
[15:33:30] [Client thread/DEBUG] [GridRenderer] Centered on Tile [ r0, r0 (zoom 0) ] with pixel offsets of 0.0,0.0
[15:33:31] [Client thread/DEBUG] [GridRenderer] Centered on Tile [ r0, r0 (zoom 0) ] with pixel offsets of 419.0,232.0
[15:33:31] [Client thread/DEBUG] [GridRenderer] Centered on Tile [ r0, r0 (zoom 0) ] with pixel offsets of 419.0,232.0
[15:33:31] [Client thread/DEBUG] [GridRenderer] Centered on Tile [ r0, r0 (zoom 0) ] with pixel offsets of 419.0,232.0
[15:33:31] [Client thread/INFO] [WaypointStore] Loaded 0 waypoints from D:\Games\Minecraft\Versions\1.12.2_Forge\journeymap\data\mp\Minecraft~Server\waypoints
[15:33:44] [Client thread/DEBUG] [TaskController] Task not initially enabled: MapRegionTask
[15:33:44] [Client thread/DEBUG] [TaskController] Task not initially enabled: SaveMapTask
[15:33:44] [Client thread/DEBUG] [TaskController] Task ready: MapPlayerTask
[15:33:44] [Client thread/DEBUG] [TaskController] Task ready: InitColorManagerTask
[15:33:44] [Client thread/INFO] [JourneymapClient] Mapping started in D:\Games\Minecraft\Versions\1.12.2_Forge\journeymap\data\mp\Minecraft~Server\DIM0. Memory: 3808MB total, 1557MB free 
[15:33:44] [Client thread/DEBUG] [GridRenderer] Centered on Tile [ r0, r0 (zoom 0) ] with pixel offsets of 419.0,232.0
[15:33:44] [Client thread/DEBUG] [GridRenderer] Centered on Tile [ r0, r0 (zoom 0) ] with pixel offsets of 419.0,232.0
[15:33:44] [Client thread/INFO] [JourneymapClient] Mapping halted in D:\Games\Minecraft\Versions\1.12.2_Forge\journeymap\data\mp\Minecraft~Server\DIM0
[15:33:45] [Client thread/DEBUG] [TaskController] Task disabled: MapPlayerTask
[15:33:45] [Client thread/DEBUG] [TaskController] Task disabled: InitColorManagerTask
[15:33:49] [File IO Thread/DEBUG] [ImageHolder] Wrote to disk: D:\Games\Minecraft\Versions\1.12.2_Forge\journeymap\data\mp\Minecraft~Server\DIM0\day\-1,0.png
[15:33:49] [File IO Thread/DEBUG] [ImageHolder] Wrote to disk: D:\Games\Minecraft\Versions\1.12.2_Forge\journeymap\data\mp\Minecraft~Server\DIM0\day\-1,1.png
[15:34:56] [Client thread/DEBUG] [StatTimer] Tick.MappingMonitorTask warmup done, 10
[15:41:51] [Client thread/INFO] [ModBlockDelegate] Custom modded block handling enabled for bibliocraft
[15:41:51] [Client thread/INFO] [ModBlockDelegate] Custom modded block handling enabled for biomesoplenty
[15:41:51] [Client thread/DEBUG] [StatTimer] TileDrawStep.updateRegionTexture was slow: 245.4911
[15:41:51] [Client thread/DEBUG] [StatTimer] TileDrawStep.updateRegionTexture was slow: 117.6746
[15:41:51] [Client thread/DEBUG] [StatTimer] TileDrawStep.updateRegionTexture was slow: 66.4636
[15:41:51] [Client thread/DEBUG] [GridRenderer] Centered on Tile [ r-1, r0 (zoom 0) ] with pixel offsets of 419.0,232.0
[15:41:51] [Client thread/DEBUG] [StatTimer] GridRenderer.updateTiles(1) warmup done, 5
[15:41:51] [Client thread/DEBUG] [StatTimer] GridRenderer.updateTiles(2) warmup done, 5
[15:41:52] [Client thread/DEBUG] [GridRenderer] Centered on Tile [ r-1, r0 (zoom 0) ] with pixel offsets of 541.0,383.5
[15:41:53] [Client thread/DEBUG] [StatTimer] TileDrawStep.updateRegionTexture warmup done, 5
[15:41:53] [Client thread/DEBUG] [StatTimer] TileDrawStep.updateScaledTexture warmup done, 5
[15:41:53] [Client thread/DEBUG] [GridRenderer] Centered on Tile [ r-1, r0 (zoom 0) ] with pixel offsets of 541.0,383.5
[15:41:53] [Client thread/DEBUG] [GridRenderer] Centered on Tile [ r-1, r0 (zoom 0) ] with pixel offsets of 541.0,383.5
[15:41:53] [Client thread/DEBUG] [GridRenderer] Centered on Tile [ r-1, r0 (zoom 0) ] with pixel offsets of 541.0,383.5
[15:41:53] [Client thread/DEBUG] [GridRenderer] Centered on Tile [ r-1, r0 (zoom 0) ] with pixel offsets of 541.0,383.5
[15:41:53] [Client thread/INFO] [WaypointStore] Loaded 0 waypoints from D:\Games\Minecraft\Versions\1.12.2_Forge\journeymap\data\mp\Minecraft~Server\waypoints
[15:41:53] [Client thread/DEBUG] [TaskController] Task not initially enabled: MapRegionTask
[15:41:53] [Client thread/DEBUG] [TaskController] Task not initially enabled: SaveMapTask
[15:41:53] [Client thread/DEBUG] [TaskController] Task ready: MapPlayerTask
[15:41:53] [Client thread/DEBUG] [TaskController] Task ready: InitColorManagerTask
[15:41:53] [Client thread/INFO] [JourneymapClient] Mapping started in D:\Games\Minecraft\Versions\1.12.2_Forge\journeymap\data\mp\Minecraft~Server\DIM0. Memory: 3968MB total, 1550MB free 
[15:41:53] [Client thread/DEBUG] [GridRenderer] Centered on Tile [ r-1, r0 (zoom 0) ] with pixel offsets of 541.0,383.5
[15:41:53] [Client thread/DEBUG] [GridRenderer] Centered on Tile [ r-1, r0 (zoom 0) ] with pixel offsets of 541.0,383.5
[15:41:53] [Client thread/DEBUG] [StatTimer] Tick.MappingMonitorTask warmup done, 10
[15:41:55] [Client thread/DEBUG] [TaskController] Scheduled MapPlayerTask
[15:41:55] [Client thread/DEBUG] [StatTimer] TileDrawStep.draw(low) warmup done, 10
[15:41:55] [JM-task-3/DEBUG] [ColorManager] Cached color #939393 for minecraft:blocks/grass_top
[15:41:55] [JM-task-3/DEBUG] [ColorManager] Cached color #dbd3a0 for minecraft:blocks/sand
[15:41:55] [JM-task-3/DEBUG] [ColorManager] Cached color #2e43f4 for minecraft:blocks/water_still
[15:41:55] [JM-task-3/DEBUG] [ColorManager] Cached color #866043 for minecraft:blocks/dirt
[15:41:55] [JM-task-3/DEBUG] [ColorManager] Cached color #9ea4b0 for minecraft:blocks/clay
[15:41:55] [JM-task-3/DEBUG] [VanillaBlockSpriteProxy] Success during [Solid] class net.minecraftforge.client.model.ModelLoader$VanillaModelWrapper$1.getQuads(mekanism:saltblock, up, 0)
[15:41:55] [JM-task-3/DEBUG] [ColorManager] Cached color #dfe4d1 for mekanism:blocks/saltblock
[15:41:55] [JM-task-3/DEBUG] [VanillaBlockSpriteProxy] Success during [Solid] class net.minecraftforge.client.model.ModelLoader$VanillaModelWrapper$1.getQuads(forestry:beehives[hive=meadows], up, 0)
[15:41:55] [JM-task-3/DEBUG] [ColorManager] Cached color #662109 for forestry:blocks/beehives/meadows.top
[15:41:55] [JM-task-3/DEBUG] [ColorManager] Cached color #7e7c7a for minecraft:blocks/gravel
[15:41:55] [JM-task-3/DEBUG] [StatTimer] ImageHolder.partialImageUpdate warmup done, 5
[15:41:55] [JM-task-3/DEBUG] [StatTimer] SurfaceRenderer.renderSurface warmup done, 10
[15:41:55] [Client thread/DEBUG] [TaskController] Scheduled MapPlayerTask
[15:41:55] [JM-task-3/DEBUG] [VanillaBlockSpriteProxy] Success during [Mipped Cutout] class forestry.arboriculture.models.ModelDefaultLeaves.getQuads(forestry:leaves.default.2[check_decay=false,decayable=true,variant=maple], up, 0)
[15:41:55] [JM-task-3/DEBUG] [ColorManager] Cached color #b2b2b2 for forestry:blocks/leaves/maple.fancy
[15:41:55] [JM-task-3/DEBUG] [ColorManager] Cached color #7d7d7d for minecraft:blocks/stone
[15:41:55] [JM-task-3/DEBUG] [ColorManager] Cached color #828383 for minecraft:blocks/stone_andesite
[15:41:56] [Client thread/DEBUG] [StatTimer] TileDrawStep.updateRegionTexture was slow: 55.7382
[15:41:56] [JM-task-3/DEBUG] [StatTimer] TopoRenderer.renderSurface warmup done, 10
[15:41:56] [JM-task-3/DEBUG] [ColorManager] Cached color #878787 for minecraft:blocks/leaves_oak
[15:41:56] [JM-task-3/DEBUG] [ColorManager] Cached color #737373 for minecraft:blocks/coal_ore
[15:41:56] [JM-task-3/DEBUG] [ColorManager] Cached color #7a7a7a for minecraft:blocks/cobblestone
[15:41:56] [JM-task-3/DEBUG] [ColorManager] Cached color #d8681a for minecraft:blocks/lava_still
[15:41:56] [Client thread/DEBUG] [StatTimer] GridRenderer.updateTiles(1) warmup done, 5
[15:41:56] [JM-task-3/DEBUG] [ColorManager] Cached color #b3b3b6 for minecraft:blocks/stone_diorite
[15:41:56] [Client thread/DEBUG] [StatTimer] GridRenderer.updateTiles(2) warmup done, 5
[15:41:56] [JM-task-3/DEBUG] [VanillaBlockSpriteProxy] Success during [Solid] class net.minecraftforge.client.model.ModelLoader$VanillaModelWrapper$1.getQuads(ic2:resource[type=copper_ore], up, 0)
[15:41:56] [JM-task-3/DEBUG] [ColorManager] Cached color #847971 for ic2:blocks/resource/copper_ore
[15:41:56] [Client thread/DEBUG] [StatTimer] TaskController.performMultithreadTasks warmup done, 1
[15:41:58] [Client thread/DEBUG] [KeyEventHandler] [KeyBindingAction{LBRACKET = Change Map Type}]
[15:41:58] [Client thread/DEBUG] [KeyEventHandler] [KeyBindingAction{BACKSLASH = Switch MiniMap Preset}]
[15:41:58] [Client thread/DEBUG] [KeyEventHandler] [KeyBindingAction{MINUS = Zoom Out}]
[15:41:58] [Client thread/DEBUG] [KeyEventHandler] [KeyBindingAction{EQUALS = Zoom In}]
[15:41:58] [Client thread/DEBUG] [KeyEventHandler] [KeyBindingAction{CTRL + B = Waypoint Manager}, KeyBindingAction{B = Create Waypoint}]
[15:41:58] [Client thread/DEBUG] [KeyEventHandler] [KeyBindingAction{CTRL + J = Show / Hide MiniMap}, KeyBindingAction{J = Show / Hide Fullscreen Map}]
[15:41:58] [Client thread/DEBUG] [KeyEventHandler] [KeyBindingAction{LBRACKET = Change Map Type}]
[15:41:58] [Client thread/DEBUG] [KeyEventHandler] [KeyBindingAction{BACKSLASH = Switch MiniMap Preset}]
[15:41:58] [Client thread/DEBUG] [KeyEventHandler] [KeyBindingAction{MINUS = Zoom Out}]
[15:41:58] [Client thread/DEBUG] [KeyEventHandler] [KeyBindingAction{Z = Toggle all Waypoints}]
[15:41:58] [Client thread/DEBUG] [KeyEventHandler] [KeyBindingAction{EQUALS = Zoom In}]
[15:41:58] [Client thread/DEBUG] [KeyEventHandler] [KeyBindingAction{CTRL + B = Waypoint Manager}, KeyBindingAction{B = Create Waypoint (at cursor)}]
[15:41:58] [Client thread/DEBUG] [KeyEventHandler] [KeyBindingAction{DOWN = Pan South (16 Blocks)}]
[15:41:58] [Client thread/DEBUG] [KeyEventHandler] [KeyBindingAction{NONE = Chat Position (at cursor)}]
[15:41:58] [Client thread/DEBUG] [KeyEventHandler] [KeyBindingAction{J = Show / Hide Fullscreen Map}]
[15:41:58] [Client thread/DEBUG] [KeyEventHandler] [KeyBindingAction{O = Options Manager}]
[15:41:58] [Client thread/DEBUG] [KeyEventHandler] [KeyBindingAction{UP = Pan North (16 Blocks)}]
[15:41:58] [Client thread/DEBUG] [KeyEventHandler] [KeyBindingAction{LBRACKET = Change Map Type}]
[15:41:58] [Client thread/DEBUG] [KeyEventHandler] [KeyBindingAction{LEFT = Pan West (16 Blocks)}]
[15:41:58] [Client thread/DEBUG] [KeyEventHandler] [KeyBindingAction{MINUS = Zoom Out}]
[15:41:58] [Client thread/DEBUG] [KeyEventHandler] [KeyBindingAction{EQUALS = Zoom In}]
[15:41:58] [Client thread/DEBUG] [KeyEventHandler] [KeyBindingAction{RIGHT = Pan East (16 Blocks)}]
[15:41:58] [Client thread/DEBUG] [TaskController] Scheduled MapPlayerTask
[15:41:58] [JM-task-3/DEBUG] [ColorManager] Cached color #878787 for minecraft:blocks/leaves_birch
[15:41:58] [JM-task-3/DEBUG] [ColorManager] Cached color #87827e for minecraft:blocks/iron_ore
[15:41:59] [Client thread/DEBUG] [StatTimer] MiniMap1.Square warmup done, 100
[15:42:00] [Client thread/DEBUG] [StatTimer] TileDrawStep.draw(low) was slow: 1209.3699
[15:42:00] [Client thread/DEBUG] [StatTimer] MiniMap1.Square was slow: 1210.6131
[15:42:01] [Client thread/DEBUG] [TaskController] Scheduled MapPlayerTask
[15:42:01] [JM-task-3/DEBUG] [StatTimer] MapPlayerTask.performTask warmup done, 5
[15:42:01] [JM-task-3/DEBUG] [ColorManager] Cached color #997162 for minecraft:blocks/stone_granite
[15:42:04] [Client thread/DEBUG] [TaskController] Scheduled MapPlayerTask
[15:42:06] [Client thread/DEBUG] [TaskController] Scheduled MapPlayerTask
[15:42:09] [Client thread/DEBUG] [TaskController] Scheduled MapPlayerTask
[15:42:11] [Client thread/DEBUG] [TaskController] Scheduled MapPlayerTask
[15:42:13] [Client thread/DEBUG] [TaskController] Scheduled MapPlayerTask
[15:42:15] [Client thread/DEBUG] [TaskController] Scheduled MapPlayerTask
[15:42:17] [Client thread/DEBUG] [TaskController] Scheduled MapPlayerTask
[15:42:18] [Client thread/DEBUG] [StatTimer] MapPlayerTask.Manager.getTask warmup done, 10
[15:42:19] [Client thread/DEBUG] [TaskController] Scheduled MapPlayerTask
[15:42:21] [Client thread/DEBUG] [TaskController] Scheduled MapPlayerTask
[15:42:21] [Client thread/DEBUG] [StatTimer] MapState.refresh warmup done, 10
[15:42:23] [Client thread/DEBUG] [TaskController] Scheduled MapPlayerTask
[15:42:23] [JM-task-3/DEBUG] [ColorManager] Cached color #111111 for buildcraftenergy:blocks/fluids/oil_heat_0_still
[15:42:25] [Client thread/DEBUG] [TaskController] Scheduled MapPlayerTask
[15:42:27] [Client thread/DEBUG] [TaskController] Scheduled MapPlayerTask
[15:42:31] [Client thread/DEBUG] [TaskController] Scheduled MapPlayerTask
[15:42:33] [Client thread/DEBUG] [TaskController] Scheduled MapPlayerTask
[15:42:35] [Client thread/DEBUG] [TaskController] Scheduled MapPlayerTask
[15:42:37] [Client thread/DEBUG] [TaskController] Scheduled MapPlayerTask
[15:42:39] [Client thread/DEBUG] [TaskController] Scheduled MapPlayerTask
[15:42:41] [Client thread/DEBUG] [TaskController] Scheduled MapPlayerTask
[15:42:43] [Client thread/DEBUG] [TaskController] Scheduled MapPlayerTask
[15:42:45] [Client thread/DEBUG] [TaskController] Scheduled MapPlayerTask
[15:42:47] [Client thread/DEBUG] [TaskController] Scheduled MapPlayerTask
[15:42:49] [Client thread/DEBUG] [TaskController] Scheduled MapPlayerTask
[15:42:52] [Client thread/DEBUG] [TaskController] Scheduled MapPlayerTask
[15:42:52] [Client thread/DEBUG] [StatTimer] MiniMap1.Square+refreshState warmup done, 5
[15:42:54] [Client thread/DEBUG] [TaskController] Scheduled MapPlayerTask
[15:42:54] [JM-task-3/DEBUG] [RegionImageCache] RegionImageCache auto-flushing
[15:42:54] [File IO Thread/DEBUG] [ImageHolder] Wrote to disk: D:\Games\Minecraft\Versions\1.12.2_Forge\journeymap\data\mp\Minecraft~Server\DIM0\day\0,0.png
[15:42:54] [File IO Thread/DEBUG] [ImageHolder] Wrote to disk: D:\Games\Minecraft\Versions\1.12.2_Forge\journeymap\data\mp\Minecraft~Server\DIM0\topo\0,0.png
[15:42:54] [File IO Thread/DEBUG] [ImageHolder] Wrote to disk: D:\Games\Minecraft\Versions\1.12.2_Forge\journeymap\data\mp\Minecraft~Server\DIM0\night\0,0.png
[15:42:54] [File IO Thread/DEBUG] [ImageHolder] Wrote to disk: D:\Games\Minecraft\Versions\1.12.2_Forge\journeymap\data\mp\Minecraft~Server\DIM0\day\-1,0.png
[15:42:54] [File IO Thread/DEBUG] [ImageHolder] Wrote to disk: D:\Games\Minecraft\Versions\1.12.2_Forge\journeymap\data\mp\Minecraft~Server\DIM0\topo\-1,0.png
[15:42:54] [File IO Thread/DEBUG] [ImageHolder] Wrote to disk: D:\Games\Minecraft\Versions\1.12.2_Forge\journeymap\data\mp\Minecraft~Server\DIM0\night\-1,0.png
[15:42:54] [File IO Thread/DEBUG] [ImageHolder] Wrote to disk: D:\Games\Minecraft\Versions\1.12.2_Forge\journeymap\data\mp\Minecraft~Server\DIM0\day\-1,1.png
[15:42:56] [Client thread/DEBUG] [TaskController] Scheduled MapPlayerTask
[15:42:58] [Client thread/DEBUG] [TaskController] Scheduled MapPlayerTask
[15:43:00] [Client thread/DEBUG] [TaskController] Scheduled MapPlayerTask
[15:43:02] [Client thread/DEBUG] [TaskController] Scheduled MapPlayerTask
[15:43:06] [Client thread/DEBUG] [TaskController] Scheduled MapPlayerTask
[15:43:09] [Client thread/DEBUG] [TaskController] Scheduled MapPlayerTask
[15:43:11] [Client thread/DEBUG] [TaskController] Scheduled MapPlayerTask
[15:43:13] [Client thread/DEBUG] [TaskController] Scheduled MapPlayerTask
[15:43:14] [Client thread/DEBUG] [StatTimer] MapState.generateDrawSteps warmup done, 10
[15:43:15] [Client thread/DEBUG] [TaskController] Scheduled MapPlayerTask
[15:43:17] [Client thread/DEBUG] [TaskController] Scheduled MapPlayerTask
[15:43:19] [Client thread/DEBUG] [TaskController] Scheduled MapPlayerTask
[15:43:21] [Client thread/DEBUG] [TaskController] Scheduled MapPlayerTask
[15:43:23] [Client thread/DEBUG] [TaskController] Scheduled MapPlayerTask
[15:43:26] [Client thread/DEBUG] [TaskController] Scheduled MapPlayerTask
[15:43:28] [Client thread/DEBUG] [TaskController] Scheduled MapPlayerTask
[15:43:30] [Client thread/DEBUG] [TaskController] Scheduled MapPlayerTask
[15:43:32] [Client thread/DEBUG] [TaskController] Scheduled MapPlayerTask
[15:43:34] [Client thread/DEBUG] [TaskController] Scheduled MapPlayerTask
[15:43:36] [Client thread/DEBUG] [TaskController] Scheduled MapPlayerTask
[15:43:38] [Client thread/DEBUG] [TaskController] Scheduled MapPlayerTask
[15:43:40] [Client thread/DEBUG] [TaskController] Scheduled MapPlayerTask
[15:43:42] [Client thread/DEBUG] [TaskController] Scheduled MapPlayerTask
[15:43:44] [Client thread/DEBUG] [TaskController] Scheduled MapPlayerTask
[15:43:47] [Client thread/DEBUG] [TaskController] Scheduled MapPlayerTask
[15:43:49] [Client thread/DEBUG] [TaskController] Scheduled MapPlayerTask
[15:43:51] [Client thread/DEBUG] [TaskController] Scheduled MapPlayerTask
[15:43:53] [Client thread/DEBUG] [TaskController] Scheduled MapPlayerTask
[15:43:55] [Client thread/DEBUG] [TaskController] Scheduled MapPlayerTask
[15:43:55] [JM-task-3/DEBUG] [RegionImageCache] RegionImageCache auto-flushing
[15:43:57] [Client thread/DEBUG] [TaskController] Scheduled MapPlayerTask
[15:43:59] [Client thread/DEBUG] [TaskController] Scheduled MapPlayerTask
[15:44:01] [Client thread/DEBUG] [TaskController] Scheduled MapPlayerTask
[15:44:03] [Client thread/DEBUG] [TaskController] Scheduled MapPlayerTask
[15:44:05] [Client thread/DEBUG] [TaskController] Scheduled MapPlayerTask
[15:44:08] [Client thread/DEBUG] [TaskController] Scheduled MapPlayerTask
[15:44:10] [Client thread/DEBUG] [TaskController] Scheduled MapPlayerTask
[15:44:12] [Client thread/DEBUG] [TaskController] Scheduled MapPlayerTask
[15:44:14] [Client thread/DEBUG] [TaskController] Scheduled MapPlayerTask
[15:44:16] [Client thread/DEBUG] [TaskController] Scheduled MapPlayerTask
[15:44:18] [Client thread/DEBUG] [TaskController] Scheduled MapPlayerTask
[15:44:20] [Client thread/DEBUG] [TaskController] Scheduled MapPlayerTask
[15:44:22] [Client thread/DEBUG] [TaskController] Scheduled MapPlayerTask
[15:44:24] [Client thread/DEBUG] [TaskController] Scheduled MapPlayerTask
[15:44:25] [Client thread/DEBUG] [StatTimer] EntityHelper.getPlayersNearby warmup done, 10
[15:44:26] [Client thread/DEBUG] [KeyEventHandler] [KeyBindingAction{NONE = Change Map Type}, KeyBindingAction{NONE = Switch MiniMap Preset}, KeyBindingAction{NONE = Zoom Out}, KeyBindingAction{NONE = Zoom In}]
[15:44:26] [Client thread/DEBUG] [KeyEventHandler] [KeyBindingAction{NONE = Create Waypoint}, KeyBindingAction{NONE = Show / Hide MiniMap}, KeyBindingAction{NONE = Change Map Type}, KeyBindingAction{NONE = Switch MiniMap Preset}, KeyBindingAction{NONE = Zoom Out}, KeyBindingAction{NONE = Toggle all Waypoints}, KeyBindingAction{NONE = Zoom In}]
[15:44:26] [Client thread/DEBUG] [KeyEventHandler] [KeyBindingAction{N = Waypoint Manager}]
[15:44:26] [Client thread/DEBUG] [KeyEventHandler] [KeyBindingAction{M = Show / Hide Fullscreen Map}]
[15:44:26] [Client thread/DEBUG] [KeyEventHandler] [KeyBindingAction{B = Create Waypoint (at cursor)}]
[15:44:26] [Client thread/DEBUG] [KeyEventHandler] [KeyBindingAction{DOWN = Pan South (16 Blocks)}]
[15:44:26] [Client thread/DEBUG] [KeyEventHandler] [KeyBindingAction{NONE = Chat Position (at cursor)}, KeyBindingAction{NONE = Change Map Type}, KeyBindingAction{NONE = Zoom Out}, KeyBindingAction{NONE = Zoom In}]
[15:44:26] [Client thread/DEBUG] [KeyEventHandler] [KeyBindingAction{N = Waypoint Manager}]
[15:44:26] [Client thread/DEBUG] [KeyEventHandler] [KeyBindingAction{M = Show / Hide Fullscreen Map}]
[15:44:26] [Client thread/DEBUG] [KeyEventHandler] [KeyBindingAction{O = Options Manager}]
[15:44:26] [Client thread/DEBUG] [KeyEventHandler] [KeyBindingAction{UP = Pan North (16 Blocks)}]
[15:44:26] [Client thread/DEBUG] [KeyEventHandler] [KeyBindingAction{LEFT = Pan West (16 Blocks)}]
[15:44:26] [Client thread/DEBUG] [KeyEventHandler] [KeyBindingAction{RIGHT = Pan East (16 Blocks)}]
[15:44:26] [Client thread/DEBUG] [KeyEventHandler] Firing KeyBindingAction{M = Show / Hide Fullscreen Map}
[15:44:26] [Client thread/DEBUG] [UIManager] Opening UI Fullscreen
[15:44:26] [Client thread/DEBUG] [GridRenderer] Centered on Tile [ r-1, r0 (zoom 0) ] with pixel offsets of 0.0,0.0
[15:44:26] [Client thread/DEBUG] [StatTimer] Fullscreen.drawScreen warmup done, 10
[15:44:26] [Client thread/DEBUG] [StatTimer] Fullscreen.drawScreen.drawMap warmup done, 50
[15:44:26] [Client thread/DEBUG] [TaskController] Scheduled MapPlayerTask
[15:44:27] [Client thread/DEBUG] [UIManager] Closing class journeymap.client.ui.fullscreen.Fullscreen
[15:44:29] [Client thread/DEBUG] [TaskController] Scheduled MapPlayerTask
[15:44:31] [Client thread/DEBUG] [TaskController] Scheduled MapPlayerTask
[15:44:34] [Client thread/DEBUG] [TaskController] Scheduled MapPlayerTask
[15:44:36] [Client thread/DEBUG] [TaskController] Scheduled MapPlayerTask
[15:44:38] [Client thread/DEBUG] [TaskController] Scheduled MapPlayerTask
[15:44:40] [Client thread/DEBUG] [TaskController] Scheduled MapPlayerTask
[15:44:42] [Client thread/DEBUG] [TaskController] Scheduled MapPlayerTask
[15:44:45] [Client thread/DEBUG] [TaskController] Scheduled MapPlayerTask
[15:44:48] [Client thread/DEBUG] [TaskController] Scheduled MapPlayerTask
[15:44:50] [Client thread/DEBUG] [TaskController] Scheduled MapPlayerTask
[15:44:52] [Client thread/DEBUG] [TaskController] Scheduled MapPlayerTask
[15:44:54] [Client thread/DEBUG] [TaskController] Scheduled MapPlayerTask
[15:44:56] [Client thread/DEBUG] [TaskController] Scheduled MapPlayerTask
[15:44:56] [JM-task-3/DEBUG] [RegionImageCache] RegionImageCache auto-flushing
[15:44:56] [File IO Thread/DEBUG] [ImageHolder] Wrote to disk: D:\Games\Minecraft\Versions\1.12.2_Forge\journeymap\data\mp\Minecraft~Server\DIM0\day\-1,0.png
[15:44:56] [File IO Thread/DEBUG] [ImageHolder] Wrote to disk: D:\Games\Minecraft\Versions\1.12.2_Forge\journeymap\data\mp\Minecraft~Server\DIM0\night\-1,0.png
[15:44:56] [File IO Thread/DEBUG] [ImageHolder] Wrote to disk: D:\Games\Minecraft\Versions\1.12.2_Forge\journeymap\data\mp\Minecraft~Server\DIM0\day\-1,1.png
[15:44:58] [Client thread/DEBUG] [TaskController] Scheduled MapPlayerTask
[15:45:00] [Client thread/DEBUG] [TaskController] Scheduled MapPlayerTask
[15:45:02] [Client thread/DEBUG] [StatTimer] EntityHelper.getAnimalsNearby warmup done, 10
[15:45:02] [Client thread/DEBUG] [TaskController] Scheduled MapPlayerTask
[15:45:04] [Client thread/DEBUG] [TaskController] Scheduled MapPlayerTask
[15:45:06] [Client thread/DEBUG] [TaskController] Scheduled MapPlayerTask
[15:45:07] [JM-task-3/DEBUG] [VanillaBlockSpriteProxy] Success during [Cutout] class net.minecraftforge.client.model.ModelLoader$VanillaModelWrapper$1.getQuads(biomesoplenty:seaweed[level=15,position=middle,variant=kelp], null, 0)
[15:45:07] [JM-task-3/DEBUG] [ColorManager] Cached color #919745 for biomesoplenty:blocks/kelp_middle
[15:45:09] [Client thread/DEBUG] [TaskController] Scheduled MapPlayerTask
[15:45:11] [Client thread/DEBUG] [TaskController] Scheduled MapPlayerTask
[15:45:13] [Client thread/DEBUG] [TaskController] Scheduled MapPlayerTask
[15:45:15] [Client thread/DEBUG] [TaskController] Scheduled MapPlayerTask
[15:45:17] [Client thread/DEBUG] [TaskController] Scheduled MapPlayerTask
[15:45:19] [Client thread/DEBUG] [TaskController] Scheduled MapPlayerTask
[15:45:21] [Client thread/DEBUG] [TaskController] Scheduled MapPlayerTask
[15:45:23] [Client thread/DEBUG] [TaskController] Scheduled MapPlayerTask
[15:45:25] [Client thread/DEBUG] [TaskController] Scheduled MapPlayerTask
[15:45:27] [Client thread/DEBUG] [TaskController] Scheduled MapPlayerTask
[15:45:30] [Client thread/DEBUG] [TaskController] Scheduled MapPlayerTask
[15:45:32] [Client thread/DEBUG] [TaskController] Scheduled MapPlayerTask
[15:45:34] [Client thread/DEBUG] [TaskController] Scheduled MapPlayerTask
[15:45:36] [Client thread/DEBUG] [TaskController] Scheduled MapPlayerTask
[15:45:38] [Client thread/DEBUG] [TaskController] Scheduled MapPlayerTask
[15:45:40] [Client thread/DEBUG] [TaskController] Scheduled MapPlayerTask
[15:45:42] [Client thread/DEBUG] [TaskController] Scheduled MapPlayerTask
[15:45:42] [JM-task-3/DEBUG] [ImageHolder] Wrote to disk: D:\Games\Minecraft\Versions\1.12.2_Forge\journeymap\data\mp\Minecraft~Server\DIM0\day\-1,1.png
[15:45:42] [JM-task-3/DEBUG] [RegionImageCache$2] Wrote to disk before removal from cache: RegionImageSet{imageHolders=[0|day|_=ImageHolder{mapType=0|day|_, textureId=383, dirty=false, imagePath=D:\Games\Minecraft\Versions\1.12.2_Forge\journeymap\data\mp\Minecraft~Server\DIM0\day\-1,1.png}]}
[15:45:44] [Client thread/DEBUG] [TaskController] Scheduled MapPlayerTask
[15:45:46] [Client thread/DEBUG] [TaskController] Scheduled MapPlayerTask
[15:45:48] [Client thread/DEBUG] [TaskController] Scheduled MapPlayerTask
[15:45:51] [Client thread/DEBUG] [TaskController] Scheduled MapPlayerTask
[15:45:53] [Client thread/DEBUG] [TaskController] Scheduled MapPlayerTask
[15:45:55] [Client thread/DEBUG] [TaskController] Scheduled MapPlayerTask
[15:45:57] [Client thread/DEBUG] [TaskController] Scheduled MapPlayerTask
[15:45:57] [JM-task-3/DEBUG] [RegionImageCache] RegionImageCache auto-flushing
[15:45:57] [File IO Thread/DEBUG] [ImageHolder] Wrote to disk: D:\Games\Minecraft\Versions\1.12.2_Forge\journeymap\data\mp\Minecraft~Server\DIM0\day\0,0.png
[15:45:57] [File IO Thread/DEBUG] [ImageHolder] Wrote to disk: D:\Games\Minecraft\Versions\1.12.2_Forge\journeymap\data\mp\Minecraft~Server\DIM0\topo\0,0.png
[15:45:57] [File IO Thread/DEBUG] [ImageHolder] Wrote to disk: D:\Games\Minecraft\Versions\1.12.2_Forge\journeymap\data\mp\Minecraft~Server\DIM0\night\0,0.png
[15:45:59] [Client thread/DEBUG] [TaskController] Scheduled MapPlayerTask
[15:46:01] [Client thread/DEBUG] [TaskController] Scheduled MapPlayerTask
[15:46:03] [Client thread/DEBUG] [TaskController] Scheduled MapPlayerTask
[15:46:05] [Client thread/DEBUG] [TaskController] Scheduled MapPlayerTask
[15:46:07] [Client thread/DEBUG] [KeyEventHandler] [KeyBindingAction{NONE = Change Map Type}, KeyBindingAction{NONE = Switch MiniMap Preset}, KeyBindingAction{NONE = Zoom Out}, KeyBindingAction{NONE = Zoom In}]
[15:46:07] [Client thread/DEBUG] [KeyEventHandler] [KeyBindingAction{NONE = Create Waypoint}, KeyBindingAction{NONE = Show / Hide MiniMap}, KeyBindingAction{NONE = Change Map Type}, KeyBindingAction{NONE = Switch MiniMap Preset}, KeyBindingAction{NONE = Zoom Out}, KeyBindingAction{NONE = Toggle all Waypoints}, KeyBindingAction{NONE = Zoom In}]
[15:46:07] [Client thread/DEBUG] [KeyEventHandler] [KeyBindingAction{N = Waypoint Manager}]
[15:46:07] [Client thread/DEBUG] [KeyEventHandler] [KeyBindingAction{M = Show / Hide Fullscreen Map}]
[15:46:07] [Client thread/DEBUG] [KeyEventHandler] [KeyBindingAction{NONE = Create Waypoint (at cursor)}, KeyBindingAction{NONE = Chat Position (at cursor)}, KeyBindingAction{NONE = Change Map Type}, KeyBindingAction{NONE = Zoom Out}, KeyBindingAction{NONE = Zoom In}, KeyBindingAction{NONE = Options Manager}]
[15:46:07] [Client thread/DEBUG] [KeyEventHandler] [KeyBindingAction{DOWN = Pan South (16 Blocks)}]
[15:46:07] [Client thread/DEBUG] [KeyEventHandler] [KeyBindingAction{N = Waypoint Manager}]
[15:46:07] [Client thread/DEBUG] [KeyEventHandler] [KeyBindingAction{M = Show / Hide Fullscreen Map}]
[15:46:07] [Client thread/DEBUG] [KeyEventHandler] [KeyBindingAction{UP = Pan North (16 Blocks)}]
[15:46:07] [Client thread/DEBUG] [KeyEventHandler] [KeyBindingAction{LEFT = Pan West (16 Blocks)}]
[15:46:07] [Client thread/DEBUG] [KeyEventHandler] [KeyBindingAction{RIGHT = Pan East (16 Blocks)}]
[15:46:07] [Client thread/DEBUG] [TaskController] Scheduled MapPlayerTask
[15:46:09] [Client thread/DEBUG] [TaskController] Scheduled MapPlayerTask
[15:46:12] [Client thread/DEBUG] [TaskController] Scheduled MapPlayerTask
[15:46:14] [Client thread/DEBUG] [TaskController] Scheduled MapPlayerTask
[15:46:16] [Client thread/DEBUG] [TaskController] Scheduled MapPlayerTask
[15:46:18] [Client thread/DEBUG] [TaskController] Scheduled MapPlayerTask
[15:46:19] [Client thread/INFO] [JourneymapClient] Mapping halted in D:\Games\Minecraft\Versions\1.12.2_Forge\journeymap\data\mp\Minecraft~Server\DIM0
[15:46:19] [Client thread/DEBUG] [TaskController] Task disabled: MapPlayerTask
[15:46:19] [Client thread/DEBUG] [TaskController] Task disabled: InitColorManagerTask
[15:46:20] [File IO Thread/DEBUG] [ImageHolder] Wrote to disk: D:\Games\Minecraft\Versions\1.12.2_Forge\journeymap\data\mp\Minecraft~Server\DIM0\day\0,0.png
[15:46:20] [File IO Thread/DEBUG] [ImageHolder] Wrote to disk: D:\Games\Minecraft\Versions\1.12.2_Forge\journeymap\data\mp\Minecraft~Server\DIM0\topo\0,0.png
[15:46:20] [File IO Thread/DEBUG] [ImageHolder] Wrote to disk: D:\Games\Minecraft\Versions\1.12.2_Forge\journeymap\data\mp\Minecraft~Server\DIM0\night\0,0.png
[15:46:20] [File IO Thread/DEBUG] [ImageHolder] Wrote to disk: D:\Games\Minecraft\Versions\1.12.2_Forge\journeymap\data\mp\Minecraft~Server\DIM0\day\-1,0.png
[15:46:20] [File IO Thread/DEBUG] [ImageHolder] Wrote to disk: D:\Games\Minecraft\Versions\1.12.2_Forge\journeymap\data\mp\Minecraft~Server\DIM0\topo\-1,0.png
[15:46:20] [File IO Thread/DEBUG] [ImageHolder] Wrote to disk: D:\Games\Minecraft\Versions\1.12.2_Forge\journeymap\data\mp\Minecraft~Server\DIM0\night\-1,0.png
[15:46:20] [File IO Thread/DEBUG] [ImageHolder] Wrote to disk: D:\Games\Minecraft\Versions\1.12.2_Forge\journeymap\data\mp\Minecraft~Server\DIM0\day\-1,1.png
